<?xml version="1.0" encoding="UTF-8"?>
<!-- Generated by org.testng.reporters.JUnitReportReporter -->
<testsuite hostname="DESKTOP-H79FOJO" failures="0" tests="6" name="teastNg.Flag7" time="0.117" errors="0" timestamp="2022-06-06T09:32:48 IST" skipped="0">
  <testcase classname="teastNg.Flag7" name="it3" time="0.011"/>
  <system-out>
    <![CDATA[it3]]>
  </system-out>
  <testcase classname="teastNg.Flag7" name="it5" time="0.009"/>
  <system-out>
    <![CDATA[it5]]>
  </system-out>
  <testcase classname="teastNg.Flag7" name="it1" time="0.049"/>
  <system-out>
    <![CDATA[it1]]>
  </system-out>
  <testcase classname="teastNg.Flag7" name="it2" time="0.007"/>
  <system-out>
    <![CDATA[it2]]>
  </system-out>
  <testcase classname="teastNg.Flag7" name="it4" time="0.024"/>
  <system-out>
    <![CDATA[it4]]>
  </system-out>
  <testcase classname="teastNg.Flag7" name="it6" time="0.017"/>
  <system-out>
    <![CDATA[it6]]>
  </system-out>
</testsuite> <!-- teastNg.Flag7 -->
