<?xml version="1.0" encoding="UTF-8"?>
<!-- Generated by org.testng.reporters.JUnitReportReporter -->
<testsuite hostname="DESKTOP-H79FOJO" failures="0" tests="3" name="testngFlag.depndson" time="0.054" errors="0" timestamp="2022-06-07T13:35:26 IST" skipped="0">
  <testcase classname="testngFlag.depndson" name="logout" time="0.008"/>
  <system-out>
    <![CDATA[logout from  actitime]]>
  </system-out>
  <testcase classname="testngFlag.depndson" name="login" time="0.037"/>
  <system-out>
    <![CDATA[login to actitime]]>
  </system-out>
  <testcase classname="testngFlag.depndson" name="createContact" time="0.009"/>
  <system-out>
    <![CDATA[Create contact]]>
  </system-out>
</testsuite> <!-- testngFlag.depndson -->
