<?xml version="1.0" encoding="UTF-8"?>
<!-- Generated by org.testng.reporters.JUnitReportReporter -->
<testsuite hostname="DESKTOP-H79FOJO" failures="0" tests="1" name="teastNg.Actitimevalidlogin" time="18.953" errors="0" timestamp="2022-06-07T09:23:22 IST" skipped="0">
  <testcase classname="teastNg.Actitimevalidlogin" name="validlogin" time="18.953"/>
  <system-out/>
</testsuite> <!-- teastNg.Actitimevalidlogin -->
