<?xml version="1.0" encoding="UTF-8"?>
<!-- Generated by org.testng.reporters.JUnitReportReporter -->
<testsuite hostname="DESKTOP-H79FOJO" failures="0" tests="1" name="teastNg.Demo" time="0.005" errors="0" timestamp="2022-06-04T15:27:39 IST" skipped="0">
  <testcase classname="teastNg.Demo" name="method1" time="0.005"/>
  <system-out>
    <![CDATA[metod1 exe]]>
  </system-out>
</testsuite> <!-- teastNg.Demo -->
