<?xml version="1.0" encoding="UTF-8"?>
<!-- Generated by org.testng.reporters.JUnitReportReporter -->
<testsuite hostname="DESKTOP-H79FOJO" failures="0" tests="1" name="teastNg.Remo" time="0.035" errors="0" timestamp="2022-06-04T15:31:54 IST" skipped="0">
  <testcase classname="teastNg.Remo" name="d" time="0.035"/>
  <system-out>
    <![CDATA[afSgs]]>
  </system-out>
</testsuite> <!-- teastNg.Remo -->
