<?xml version="1.0" encoding="UTF-8"?>
<!-- Generated by org.testng.reporters.JUnitReportReporter -->
<testsuite hostname="DESKTOP-H79FOJO" failures="0" tests="1" name="teastNg.sumo" time="0.011" errors="0" timestamp="2022-06-04T15:27:39 IST" skipped="0">
  <testcase classname="teastNg.sumo" name="c" time="0.011"/>
  <system-out/>
</testsuite> <!-- teastNg.sumo -->
